<?xml version="1.0" encoding="UTF-8"?>
<!-- Generated by org.testng.reporters.JUnitReportReporter -->
<testsuite hostname="DESKTOP-PHPMBLS" failures="0" tests="3" name="testNG_programs.T20" time="0.012" errors="0" timestamp="2024-11-23T12:58:07 IST" skipped="0">
  <testcase classname="testNG_programs.T20" name="loginScript" time="0.008"/>
  <system-out/>
  <testcase classname="testNG_programs.T20" name="addContactScript" time="0.003"/>
  <system-out/>
  <testcase classname="testNG_programs.T20" name="contactScript" time="0.001"/>
  <system-out/>
</testsuite> <!-- testNG_programs.T20 -->
