<?xml version="1.0" encoding="UTF-8"?>
<!-- Generated by org.testng.reporters.JUnitReportReporter -->
<testsuite hostname="DESKTOP-PHPMBLS" failures="0" tests="3" name="practise.p3" time="36.889" errors="0" timestamp="2024-08-12T19:21:48 IST" skipped="0">
  <testcase classname="practise.p3" name="Browsers" time="11.271"/>
  <system-out/>
  <testcase classname="practise.p3" name="Browsers" time="9.794"/>
  <system-out/>
  <testcase classname="practise.p3" name="Browsers" time="15.824"/>
  <system-out/>
</testsuite> <!-- practise.p3 -->
