<?xml version="1.0" encoding="UTF-8"?>
<!-- Generated by org.testng.reporters.JUnitReportReporter -->
<testsuite hostname="DESKTOP-PHPMBLS" failures="0" tests="2" name="practise.d2" time="36.286" errors="0" timestamp="2024-11-23T12:31:08 IST" skipped="0">
  <testcase classname="practise.d2" name="execute" time="12.288"/>
  <system-out/>
  <testcase classname="practise.d2" name="screenShot2" time="23.998"/>
  <system-out/>
</testsuite> <!-- practise.d2 -->
