<?xml version="1.0" encoding="UTF-8"?>
<!-- Generated by org.testng.reporters.JUnitReportReporter -->
<testsuite hostname="DESKTOP-PHPMBLS" failures="0" tests="1" name="testNG_programs.T9" time="0.011" errors="0" timestamp="2024-10-02T19:22:42 IST" skipped="0">
  <testcase classname="testNG_programs.T9" name="demoScript" time="0.011"/>
  <system-out/>
</testsuite> <!-- testNG_programs.T9 -->
