<?xml version="1.0" encoding="UTF-8"?>
<!-- Generated by org.testng.reporters.JUnitReportReporter -->
<testsuite hostname="DESKTOP-PHPMBLS" failures="0" tests="3" name="testNG_programs.T10" time="178.031" errors="0" timestamp="2024-11-21T20:41:28 IST" skipped="0">
  <testcase classname="testNG_programs.T10" name="elorusLoginScript" time="58.604"/>
  <system-out/>
  <testcase classname="testNG_programs.T10" name="elorusLoginScript" time="55.572"/>
  <system-out/>
  <testcase classname="testNG_programs.T10" name="elorusLoginScript" time="63.855"/>
  <system-out/>
</testsuite> <!-- testNG_programs.T10 -->
