<?xml version="1.0" encoding="UTF-8"?>
<!-- Generated by org.testng.reporters.JUnitReportReporter -->
<testsuite hostname="DESKTOP-PHPMBLS" failures="0" tests="2" name="testNG_programs.T4" time="11.300" errors="0" timestamp="2024-11-21T13:02:43 IST" skipped="0">
  <testcase classname="testNG_programs.T4" name="fbLoginScript" time="4.524"/>
  <system-out/>
  <testcase classname="testNG_programs.T4" name="elorusLoginScript" time="6.776"/>
  <system-out/>
</testsuite> <!-- testNG_programs.T4 -->
