<?xml version="1.0" encoding="UTF-8"?>
<!-- Generated by org.testng.reporters.JUnitReportReporter -->
<testsuite hostname="DESKTOP-PHPMBLS" failures="0" tests="5" name="testNG_programs.T21" time="0.034" errors="0" timestamp="2024-11-23T12:58:36 IST" skipped="0">
  <testcase classname="testNG_programs.T21" name="Script5" time="0.002"/>
  <system-out/>
  <testcase classname="testNG_programs.T21" name="Script3" time="0.010"/>
  <system-out/>
  <testcase classname="testNG_programs.T21" name="Script4" time="0.003"/>
  <system-out/>
  <testcase classname="testNG_programs.T21" name="Script1" time="0.016"/>
  <system-out/>
  <testcase classname="testNG_programs.T21" name="Script2" time="0.003"/>
  <system-out/>
</testsuite> <!-- testNG_programs.T21 -->
