<?xml version="1.0" encoding="UTF-8"?>
<!-- Generated by org.testng.reporters.JUnitReportReporter -->
<testsuite hostname="DESKTOP-PHPMBLS" failures="0" tests="1" name="testNG_programs.T13" time="12.820" errors="0" timestamp="2024-11-23T20:08:35 IST" skipped="0">
  <testcase classname="testNG_programs.T13" name="elorusAddContactScript" time="12.820"/>
  <system-out/>
</testsuite> <!-- testNG_programs.T13 -->
