<?xml version="1.0" encoding="UTF-8"?>
<!-- Generated by org.testng.reporters.JUnitReportReporter -->
<testsuite hostname="DESKTOP-PHPMBLS" failures="0" tests="1" name="testNG_programs.T14" time="11.971" errors="0" timestamp="2024-11-23T12:49:05 IST" skipped="0">
  <testcase classname="testNG_programs.T14" name="elorusLoginScript" time="11.971"/>
  <system-out/>
</testsuite> <!-- testNG_programs.T14 -->
