<?xml version="1.0" encoding="UTF-8"?>
<!-- Generated by org.testng.reporters.JUnitReportReporter -->
<testsuite hostname="DESKTOP-PHPMBLS" failures="0" tests="1" name="testNG_programs.SampleDataProviders" time="11.196" errors="0" timestamp="2024-11-23T20:06:09 IST" skipped="0">
  <testcase classname="testNG_programs.SampleDataProviders" name="elorusAddContactScript" time="11.196"/>
  <system-out/>
</testsuite> <!-- testNG_programs.SampleDataProviders -->
