<?xml version="1.0" encoding="UTF-8"?>
<!-- Generated by org.testng.reporters.JUnitReportReporter -->
<testsuite hostname="DESKTOP-PHPMBLS" failures="0" tests="12" name="testNG_programs.T19" time="0.026" errors="0" timestamp="2024-11-23T12:57:26 IST" skipped="0">
  <testcase classname="testNG_programs.T19" name="contactScript" time="0.001"/>
  <system-out/>
  <testcase classname="testNG_programs.T19" name="contactScript" time="0.002"/>
  <system-out/>
  <testcase classname="testNG_programs.T19" name="contactScript" time="0.010"/>
  <system-out/>
  <testcase classname="testNG_programs.T19" name="contactScript" time="0.002"/>
  <system-out/>
  <testcase classname="testNG_programs.T19" name="loginScript" time="0.001"/>
  <system-out/>
  <testcase classname="testNG_programs.T19" name="loginScript" time="0.002"/>
  <system-out/>
  <testcase classname="testNG_programs.T19" name="loginScript" time="0.002"/>
  <system-out/>
  <testcase classname="testNG_programs.T19" name="addContactScript" time="0.002"/>
  <system-out/>
  <testcase classname="testNG_programs.T19" name="addContactScript" time="0.001"/>
  <system-out/>
  <testcase classname="testNG_programs.T19" name="addContactScript" time="0.002"/>
  <system-out/>
  <testcase classname="testNG_programs.T19" name="addContactScript" time="0.000"/>
  <system-out/>
  <testcase classname="testNG_programs.T19" name="addContactScript" time="0.001"/>
  <system-out/>
</testsuite> <!-- testNG_programs.T19 -->
