<?xml version="1.0" encoding="UTF-8"?>
<!-- Generated by org.testng.reporters.JUnitReportReporter -->
<testsuite hostname="DESKTOP-PHPMBLS" failures="0" tests="3" name="testNG_programs.T18" time="0.019" errors="0" timestamp="2024-11-23T12:56:47 IST" skipped="0">
  <testcase classname="testNG_programs.T18" name="contactScript" time="0.002"/>
  <system-out/>
  <testcase classname="testNG_programs.T18" name="addContactScript" time="0.016"/>
  <system-out/>
  <testcase classname="testNG_programs.T18" name="loginScript" time="0.001"/>
  <system-out/>
</testsuite> <!-- testNG_programs.T18 -->
