<?xml version="1.0" encoding="UTF-8"?>
<!-- Generated by org.testng.reporters.JUnitReportReporter -->
<testsuite hostname="DESKTOP-PHPMBLS" failures="0" tests="4" name="testNG_programs.T12" time="82.473" errors="0" timestamp="2024-11-21T20:45:33 IST" skipped="0">
  <testcase classname="testNG_programs.T12" name="fbLoginScript" time="18.993"/>
  <system-out/>
  <testcase classname="testNG_programs.T12" name="fbLoginScript" time="22.235"/>
  <system-out/>
  <testcase classname="testNG_programs.T12" name="fbLoginScript" time="18.312"/>
  <system-out/>
  <testcase classname="testNG_programs.T12" name="fbLoginScript" time="22.933"/>
  <system-out/>
</testsuite> <!-- testNG_programs.T12 -->
