<?xml version="1.0" encoding="UTF-8"?>
<!-- Generated by org.testng.reporters.JUnitReportReporter -->
<testsuite hostname="DESKTOP-PHPMBLS" failures="0" tests="1" name="testNG_programs.T8" time="2.780" errors="0" timestamp="2024-11-21T19:48:48 IST" skipped="0">
  <testcase classname="testNG_programs.T8" name="fbLoginScript" time="2.780"/>
  <system-out/>
</testsuite> <!-- testNG_programs.T8 -->
