<?xml version="1.0" encoding="UTF-8"?>
<!-- Generated by org.testng.reporters.JUnitReportReporter -->
<testsuite hostname="DESKTOP-PHPMBLS" failures="0" tests="1" name="practisescripts.P1" time="15.021" errors="0" timestamp="2024-11-21T12:40:16 IST" skipped="0">
  <testcase classname="practisescripts.P1" name="demopage" time="15.021"/>
  <system-out/>
</testsuite> <!-- practisescripts.P1 -->
