<?xml version="1.0" encoding="UTF-8"?>
<!-- Generated by org.testng.reporters.JUnitReportReporter -->
<testsuite hostname="DESKTOP-PHPMBLS" failures="0" tests="1" name="testNG_programs.T1" time="0.012" errors="0" timestamp="2024-11-21T12:11:37 IST" skipped="0">
  <testcase classname="testNG_programs.T1" name="Test" time="0.012"/>
  <system-out/>
</testsuite> <!-- testNG_programs.T1 -->
