<?xml version="1.0" encoding="UTF-8"?>
<!-- Generated by org.testng.reporters.JUnitReportReporter -->
<testsuite hostname="DESKTOP-PHPMBLS" failures="0" tests="5" name="testNG_programs.T11" time="0.016" errors="0" timestamp="2024-11-21T19:56:12 IST" skipped="0">
  <testcase classname="testNG_programs.T11" name="demoScript" time="0.002"/>
  <system-out/>
  <testcase classname="testNG_programs.T11" name="demoScript" time="0.007"/>
  <system-out/>
  <testcase classname="testNG_programs.T11" name="demoScript" time="0.001"/>
  <system-out/>
  <testcase classname="testNG_programs.T11" name="demoScript" time="0.003"/>
  <system-out/>
  <testcase classname="testNG_programs.T11" name="demoScript" time="0.003"/>
  <system-out/>
</testsuite> <!-- testNG_programs.T11 -->
