<?xml version="1.0" encoding="UTF-8"?>
<!-- Generated by org.testng.reporters.JUnitReportReporter -->
<testsuite hostname="DESKTOP-PHPMBLS" failures="0" tests="1" name="practise.d1" time="0.730" errors="0" timestamp="2024-11-22T13:30:15 IST" skipped="0">
  <testcase classname="practise.d1" name="orrnageHrm" time="0.730"/>
  <system-out/>
</testsuite> <!-- practise.d1 -->
