<?xml version="1.0" encoding="UTF-8"?>
<!-- Generated by org.testng.reporters.JUnitReportReporter -->
<testsuite hostname="DESKTOP-PHPMBLS" failures="0" tests="1" name="testNG_programs.T6" time="4.259" errors="0" timestamp="2024-11-21T19:46:55 IST" skipped="0">
  <testcase classname="testNG_programs.T6" name="fbLoginScript" time="4.259"/>
  <system-out/>
</testsuite> <!-- testNG_programs.T6 -->
