<?xml version="1.0" encoding="UTF-8"?>
<!-- Generated by org.testng.reporters.JUnitReportReporter -->
<testsuite hostname="DESKTOP-PHPMBLS" failures="0" tests="1" name="practise.d3" time="17.277" errors="0" timestamp="2024-11-23T20:47:20 IST" skipped="0">
  <testcase classname="practise.d3" name="OrrangeHrmScript" time="17.277"/>
  <system-out/>
</testsuite> <!-- practise.d3 -->
