<?xml version="1.0" encoding="UTF-8"?>
<!-- Generated by org.testng.reporters.JUnitReportReporter -->
<testsuite hostname="DESKTOP-PHPMBLS" failures="0" tests="2" name="testNG_programs.T3" time="11.066" errors="0" timestamp="2024-11-21T12:50:53 IST" skipped="0">
  <testcase classname="testNG_programs.T3" name="fbLoginScript" time="3.795"/>
  <system-out/>
  <testcase classname="testNG_programs.T3" name="elorusLoginScript" time="7.271"/>
  <system-out/>
</testsuite> <!-- testNG_programs.T3 -->
