<?xml version="1.0" encoding="UTF-8"?>
<!-- Generated by org.testng.reporters.JUnitReportReporter -->
<testsuite hostname="DESKTOP-PHPMBLS" failures="0" tests="3" name="testNG_programs.T17" time="0.012" errors="0" timestamp="2024-11-23T12:56:25 IST" skipped="0">
  <testcase classname="testNG_programs.T17" name="loginScript" time="0.009"/>
  <system-out/>
  <testcase classname="testNG_programs.T17" name="contactScript" time="0.001"/>
  <system-out/>
  <testcase classname="testNG_programs.T17" name="addContactScript" time="0.002"/>
  <system-out/>
</testsuite> <!-- testNG_programs.T17 -->
