<?xml version="1.0" encoding="UTF-8"?>
<!-- Generated by org.testng.reporters.JUnitReportReporter -->
<testsuite hostname="DESKTOP-PHPMBLS" failures="0" tests="1" name="testNG_programs.T15" time="5.699" errors="0" timestamp="2024-11-23T12:55:22 IST" skipped="0">
  <testcase classname="testNG_programs.T15" name="elorusLoginScript" time="5.699"/>
  <system-out/>
</testsuite> <!-- testNG_programs.T15 -->
