<?xml version="1.0" encoding="UTF-8"?>
<!-- Generated by org.testng.reporters.JUnitReportReporter -->
<testsuite hostname="DESKTOP-PHPMBLS" failures="0" tests="2" name="practise.d4" time="5.442" errors="0" timestamp="2024-11-24T12:39:37 IST" skipped="0">
  <testcase classname="practise.d4" name="script2" time="2.534"/>
  <system-out/>
  <testcase classname="practise.d4" name="script" time="2.908"/>
  <system-out/>
</testsuite> <!-- practise.d4 -->
