<?xml version="1.0" encoding="UTF-8"?>
<!-- Generated by org.testng.reporters.JUnitReportReporter -->
<testsuite hostname="DESKTOP-PHPMBLS" failures="0" tests="1" name="testNG_programs.T2" time="4.914" errors="0" timestamp="2024-11-21T12:13:22 IST" skipped="0">
  <testcase classname="testNG_programs.T2" name="fbLoginScript" time="4.914"/>
  <system-out/>
</testsuite> <!-- testNG_programs.T2 -->
